[debug] [2021-08-19T13:42:25.503Z] ----------------------------------------------------------------------
[debug] [2021-08-19T13:42:25.509Z] Command:       C:\Program Files\nodejs\node.exe C:\Users\tim98\AppData\Roaming\npm\node_modules\firebase-tools\lib\bin\firebase.js init
[debug] [2021-08-19T13:42:25.510Z] CLI Version:   9.16.5
[debug] [2021-08-19T13:42:25.510Z] Platform:      win32
[debug] [2021-08-19T13:42:25.510Z] Node Version:  v14.17.1
[debug] [2021-08-19T13:42:25.662Z] Time:          Thu Aug 19 2021 16:42:25 GMT+0300 (Moscow Standard Time)
[debug] [2021-08-19T13:42:25.662Z] ----------------------------------------------------------------------
[debug] 
[debug] [2021-08-19T13:42:25.803Z] > command requires scopes: ["email","openid","https://www.googleapis.com/auth/cloudplatformprojects.readonly","https://www.googleapis.com/auth/firebase","https://www.googleapis.com/auth/cloud-platform"]
[debug] [2021-08-19T13:42:25.803Z] > authorizing via signed-in user (alvinmuli14@gmail.com)
[info] 
     ######## #### ########  ######## ########     ###     ######  ########
     ##        ##  ##     ## ##       ##     ##  ##   ##  ##       ##
     ######    ##  ########  ######   ########  #########  ######  ######
     ##        ##  ##    ##  ##       ##     ## ##     ##       ## ##
     ##       #### ##     ## ######## ########  ##     ##  ######  ########

You're about to initialize a Firebase project in this directory:

  C:\xampp\htdocs\DarajaAPI

Before we get started, keep in mind:

  * You are currently outside your home directory
  * You are initializing within an existing Firebase project directory

[info] 
=== Project Setup
[info] 
[info] First, let's associate this project directory with a Firebase project.
[info] You can create multiple project aliases by running firebase use --add, 
[info] but for now we'll just set up a default project.
[info] 
[info] i  .firebaserc already has a default project, using daraja-148ef. 
[debug] [2021-08-19T14:58:20.659Z] > refreshing access token with scopes: []
[debug] [2021-08-19T14:58:20.717Z] >>> HTTP REQUEST POST https://www.googleapis.com/oauth2/v3/token  
 <request body omitted>
[debug] [2021-08-19T14:58:24.064Z] <<< HTTP RESPONSE 200 {"expires":"Mon, 01 Jan 1990 00:00:00 GMT","date":"Thu, 19 Aug 2021 14:58:25 GMT","pragma":"no-cache","cache-control":"no-cache, no-store, max-age=0, must-revalidate","content-type":"application/json; charset=utf-8","vary":"X-Origin, Referer, Origin,Accept-Encoding","server":"scaffolding on HTTPServer2","x-xss-protection":"0","x-frame-options":"SAMEORIGIN","x-content-type-options":"nosniff","alt-svc":"h3=\":443\"; ma=2592000,h3-29=\":443\"; ma=2592000,h3-T051=\":443\"; ma=2592000,h3-Q050=\":443\"; ma=2592000,h3-Q046=\":443\"; ma=2592000,h3-Q043=\":443\"; ma=2592000,quic=\":443\"; ma=2592000; v=\"46,43\"","accept-ranges":"none","transfer-encoding":"chunked"}
[debug] [2021-08-19T14:58:24.493Z] >>> [apiv2][query] GET https://firebase.googleapis.com/v1beta1/projects/daraja-148ef [none]
[debug] [2021-08-19T14:58:25.414Z] <<< [apiv2][status] GET https://firebase.googleapis.com/v1beta1/projects/daraja-148ef 200
[debug] [2021-08-19T14:58:25.415Z] <<< [apiv2][body] GET https://firebase.googleapis.com/v1beta1/projects/daraja-148ef {"projectId":"daraja-148ef","projectNumber":"285306252977","displayName":"daraja","name":"projects/daraja-148ef","resources":{"hostingSite":"daraja-148ef"},"state":"ACTIVE"}
[info] 
=== Functions Setup
[info] 
[info] A functions directory will be created in your project with sample code
[info] pre-configured. Functions can be deployed with firebase deploy.
[info] 
[debug] [2021-08-19T14:58:25.443Z] > command requires scopes: ["email","openid","https://www.googleapis.com/auth/cloudplatformprojects.readonly","https://www.googleapis.com/auth/firebase","https://www.googleapis.com/auth/cloud-platform"]
[debug] [2021-08-19T14:58:25.443Z] > authorizing via signed-in user (alvinmuli14@gmail.com)
[debug] [2021-08-19T14:58:25.444Z] [iam] checking project daraja-148ef for permissions ["firebase.projects.get"]
[debug] [2021-08-19T14:58:25.472Z] > refreshing access token with scopes: ["email","https://www.googleapis.com/auth/cloud-platform","https://www.googleapis.com/auth/cloudplatformprojects.readonly","https://www.googleapis.com/auth/firebase","openid"]
[debug] [2021-08-19T14:58:25.472Z] >>> HTTP REQUEST POST https://www.googleapis.com/oauth2/v3/token  
 <request body omitted>
[debug] [2021-08-19T14:58:26.141Z] <<< HTTP RESPONSE 200 {"pragma":"no-cache","cache-control":"no-cache, no-store, max-age=0, must-revalidate","expires":"Mon, 01 Jan 1990 00:00:00 GMT","date":"Thu, 19 Aug 2021 14:58:27 GMT","content-type":"application/json; charset=utf-8","vary":"X-Origin, Referer, Origin,Accept-Encoding","server":"scaffolding on HTTPServer2","x-xss-protection":"0","x-frame-options":"SAMEORIGIN","x-content-type-options":"nosniff","alt-svc":"h3=\":443\"; ma=2592000,h3-29=\":443\"; ma=2592000,h3-T051=\":443\"; ma=2592000,h3-Q050=\":443\"; ma=2592000,h3-Q046=\":443\"; ma=2592000,h3-Q043=\":443\"; ma=2592000,quic=\":443\"; ma=2592000; v=\"46,43\"","accept-ranges":"none","transfer-encoding":"chunked"}
[debug] [2021-08-19T14:58:26.300Z] >>> HTTP REQUEST POST https://cloudresourcemanager.googleapis.com/v1/projects/daraja-148ef:testIamPermissions  
 {"permissions":["firebase.projects.get"]}
[debug] [2021-08-19T14:58:27.978Z] <<< HTTP RESPONSE 200 {"content-type":"application/json; charset=UTF-8","vary":"X-Origin, Referer, Origin,Accept-Encoding","date":"Thu, 19 Aug 2021 14:58:29 GMT","server":"ESF","cache-control":"private","x-xss-protection":"0","x-frame-options":"SAMEORIGIN","x-content-type-options":"nosniff","server-timing":"gfet4t7; dur=1284","alt-svc":"h3=\":443\"; ma=2592000,h3-29=\":443\"; ma=2592000,h3-T051=\":443\"; ma=2592000,h3-Q050=\":443\"; ma=2592000,h3-Q046=\":443\"; ma=2592000,h3-Q043=\":443\"; ma=2592000,quic=\":443\"; ma=2592000; v=\"46,43\"","accept-ranges":"none","transfer-encoding":"chunked"}
[debug] [2021-08-19T14:58:28.014Z] >>> HTTP REQUEST POST https://serviceusage.googleapis.com/v1/projects/daraja-148ef/services/cloudfunctions.googleapis.com:enable  
 
[debug] [2021-08-19T14:58:28.015Z] >>> HTTP REQUEST POST https://serviceusage.googleapis.com/v1/projects/daraja-148ef/services/runtimeconfig.googleapis.com:enable  
 
[debug] [2021-08-19T14:58:29.939Z] <<< HTTP RESPONSE 200 {"content-type":"application/json; charset=UTF-8","vary":"X-Origin, Referer, Origin,Accept-Encoding","date":"Thu, 19 Aug 2021 14:58:31 GMT","server":"ESF","cache-control":"private","x-xss-protection":"0","x-frame-options":"SAMEORIGIN","x-content-type-options":"nosniff","alt-svc":"h3=\":443\"; ma=2592000,h3-29=\":443\"; ma=2592000,h3-T051=\":443\"; ma=2592000,h3-Q050=\":443\"; ma=2592000,h3-Q046=\":443\"; ma=2592000,h3-Q043=\":443\"; ma=2592000,quic=\":443\"; ma=2592000; v=\"46,43\"","accept-ranges":"none","transfer-encoding":"chunked"}
[debug] [2021-08-19T14:58:30.024Z] <<< HTTP RESPONSE 200 {"content-type":"application/json; charset=UTF-8","vary":"X-Origin, Referer, Origin,Accept-Encoding","date":"Thu, 19 Aug 2021 14:58:31 GMT","server":"ESF","cache-control":"private","x-xss-protection":"0","x-frame-options":"SAMEORIGIN","x-content-type-options":"nosniff","alt-svc":"h3=\":443\"; ma=2592000,h3-29=\":443\"; ma=2592000,h3-T051=\":443\"; ma=2592000,h3-Q050=\":443\"; ma=2592000,h3-Q046=\":443\"; ma=2592000,h3-Q043=\":443\"; ma=2592000,quic=\":443\"; ma=2592000; v=\"46,43\"","accept-ranges":"none","transfer-encoding":"chunked"}
